2021-03-22: 07:38:11 [httpLog] {"url":"/","method":"GET","data":{},"startTime":"2021-03-22: 07:38:11","timeLength":10}
2021-03-22: 07:38:33 [httpLog] {"url":"/","method":"GET","data":{},"startTime":"2021-03-22: 07:38:33","timeLength":1}
2021-03-22: 07:39:05 [httpLog] {"url":"/","method":"GET","data":{},"startTime":"2021-03-22: 07:39:05","timeLength":"10ms"}
2021-03-22: 07:39:16 [httpLog] {"url":"/","method":"GET","data":{},"startTime":"2021-03-22: 07:39:16","timeLength":"2ms"}
2021-03-23: 23:48:03 [httpLog] {"url":"/","method":"GET","data":{},"startTime":"2021-03-23: 23:48:03","timeLength":"9ms"}
2021-03-23: 23:48:05 [httpLog] {"url":"/","method":"GET","data":{},"startTime":"2021-03-23: 23:48:05","timeLength":"2ms"}
2021-03-23: 23:55:07 [httpLog] {"url":"/","method":"GET","data":{},"startTime":"2021-03-23: 23:55:07","timeLength":"10ms"}
2021-03-23: 23:55:08 [httpLog] {"url":"/","method":"GET","data":{},"startTime":"2021-03-23: 23:55:08","timeLength":"2ms"}
2021-03-23: 23:55:51 [httpLog] {"url":"/","method":"GET","data":{},"startTime":"2021-03-23: 23:55:51","timeLength":"10ms"}
2021-03-23: 23:56:53 [httpLog] {"url":"/","method":"GET","data":{},"startTime":"2021-03-23: 23:56:53","timeLength":"10ms"}
2021-03-24: 00:01:35 [httpLog] {"url":"/","method":"GET","data":{},"startTime":"2021-03-24: 00:01:35","timeLength":"12ms"}
2021-03-24: 00:09:24 [httpLog] {"url":"/","method":"GET","data":{},"startTime":"2021-03-24: 00:09:23","timeLength":"12ms"}
2021-03-24: 00:09:24 [httpLog] {"url":"/","method":"GET","data":{},"startTime":"2021-03-24: 00:09:24","timeLength":"1ms"}
2021-03-24: 00:10:01 [httpLog] {"url":"/","method":"GET","data":{},"startTime":"2021-03-24: 00:10:01","timeLength":"3ms"}
2021-03-24: 00:10:21 [httpLog] {"url":"/","method":"GET","data":{},"startTime":"2021-03-24: 00:10:21","timeLength":"2ms"}
2021-03-24: 00:10:21 [httpLog] {"url":"/","method":"GET","data":{},"startTime":"2021-03-24: 00:10:21","timeLength":"2ms"}
2021-03-24: 00:10:43 [httpLog] {"url":"/","method":"GET","data":{},"startTime":"2021-03-24: 00:10:43","timeLength":"2ms"}
2021-03-24: 00:12:33 [httpLog] {"url":"/","method":"GET","data":{},"startTime":"2021-03-24: 00:12:33","timeLength":"11ms"}
2021-03-24: 00:16:55 [httpLog] {"url":"/","method":"GET","data":{},"startTime":"2021-03-24: 00:16:55","timeLength":"15ms"}
2021-03-24: 00:17:18 [httpLog] {"url":"/","method":"GET","data":{},"startTime":"2021-03-24: 00:17:18","timeLength":"2ms"}
2021-03-24: 00:17:23 [httpLog] {"url":"/","method":"GET","data":{},"startTime":"2021-03-24: 00:17:23","timeLength":"10ms"}
2021-03-24: 00:17:24 [httpLog] {"url":"/","method":"GET","data":{},"startTime":"2021-03-24: 00:17:24","timeLength":"2ms"}
2021-03-24: 00:17:32 [httpLog] {"url":"/?id=sss","method":"GET","data":{},"startTime":"2021-03-24: 00:17:32","timeLength":"3ms"}
2021-03-24: 00:17:43 [httpLog] {"url":"/?id=sss","method":"GET","data":{},"startTime":"2021-03-24: 00:17:43","timeLength":"11ms"}
2021-03-24: 00:17:48 [httpLog] {"url":"/?id=sss","method":"GET","data":{},"startTime":"2021-03-24: 00:17:48","timeLength":"2ms"}
2021-03-24: 00:17:51 [httpLog] {"url":"/?id=sss","method":"GET","data":{},"startTime":"2021-03-24: 00:17:51","timeLength":"12ms"}
2021-03-24: 00:18:35 [httpLog] {"url":"/?id=sss","method":"GET","data":{},"startTime":"2021-03-24: 00:18:35","timeLength":"15ms"}
2021-03-24: 00:19:15 [httpLog] {"url":"/?id=sss","method":"GET","data":{},"startTime":"2021-03-24: 00:19:15","timeLength":"11ms"}
2021-03-24: 00:19:31 [httpLog] {"url":"/?id=sss","method":"GET","data":{},"startTime":"2021-03-24: 00:19:31","timeLength":"12ms"}
2021-03-24: 00:19:34 [httpLog] {"url":"/?id=ds","method":"GET","data":{},"startTime":"2021-03-24: 00:19:34","timeLength":"2ms"}
2021-03-24: 00:20:02 [httpLog] {"url":"/","method":"POST","data":{"name":"18911111112","age":123},"startTime":"2021-03-24: 00:20:02","timeLength":"10ms"}
2021-03-24: 00:24:56 [httpLog] {"url":"/?id=ds","method":"GET","data":{},"startTime":"2021-03-24: 00:24:56","timeLength":"12ms"}
2021-03-24: 00:27:26 [httpLog] {"url":"/?id=ds","method":"GET","data":{},"startTime":"2021-03-24: 00:27:26","timeLength":"14ms"}
2021-03-24: 00:27:33 [httpLog] {"url":"/?id=ds","method":"GET","data":{},"startTime":"2021-03-24: 00:27:33","timeLength":"3ms"}
2021-03-24: 00:28:27 [httpLog] {"url":"/?id=ds","method":"GET","data":{},"startTime":"2021-03-24: 00:28:27","timeLength":"3ms"}
2021-03-24: 00:28:39 [httpLog] {"url":"/?id=ds","method":"GET","data":{},"startTime":"2021-03-24: 00:28:39","timeLength":"2ms"}
2021-03-24: 00:28:57 [httpLog] {"url":"/?id=ds","method":"GET","data":{},"startTime":"2021-03-24: 00:28:57","timeLength":"1ms"}
2021-03-24: 00:29:14 [httpLog] {"url":"/?id=ds","method":"GET","data":{},"startTime":"2021-03-24: 00:29:14","timeLength":"14ms"}
2021-03-24: 00:29:23 [httpLog] {"url":"/?id=ds","method":"GET","data":{},"startTime":"2021-03-24: 00:29:23","timeLength":"13ms"}
2021-03-24: 00:29:44 [httpLog] {"url":"/?id=ds","method":"GET","data":{},"startTime":"2021-03-24: 00:29:44","timeLength":"13ms"}
2021-03-24: 00:32:26 [httpLog] {"url":"/?id=ds","method":"GET","data":{},"startTime":"2021-03-24: 00:32:26","timeLength":"13ms"}
2021-03-24: 13:38:48 [httpLog] {"url":"/?id=ds","method":"GET","data":{},"startTime":"2021-03-24: 13:38:48","timeLength":"19ms"}
2021-03-24: 13:46:24 [httpLog] {"url":"/user/query","method":"GET","data":{},"startTime":"2021-03-24: 13:46:24","timeLength":"14ms"}
2021-03-24: 13:46:24 [httpLog] {"url":"/user/public/css/news.css","method":"GET","data":{},"startTime":"2021-03-24: 13:46:24","timeLength":"1ms"}
2021-03-24: 13:47:00 [httpLog] {"url":"/user/query","method":"GET","data":{},"startTime":"2021-03-24: 13:47:00","timeLength":"14ms"}
2021-03-24: 13:47:00 [httpLog] {"url":"/user/public/css/news.css","method":"GET","data":{},"startTime":"2021-03-24: 13:47:00","timeLength":"1ms"}
2021-03-24: 14:06:06 [httpLog] {"url":"/user/query","method":"GET","data":{},"startTime":"2021-03-24: 14:06:06","timeLength":"17ms"}
2021-03-24: 14:06:06 [httpLog] {"url":"/user/public/css/news.css","method":"GET","data":{},"startTime":"2021-03-24: 14:06:06","timeLength":"0ms"}
2021-03-24: 14:07:23 [httpLog] {"url":"/user/query","method":"GET","data":{},"startTime":"2021-03-24: 14:07:23","timeLength":"16ms"}
2021-03-24: 14:07:23 [httpLog] {"url":"/user/public/css/news.css","method":"GET","data":{},"startTime":"2021-03-24: 14:07:23","timeLength":"0ms"}
2021-03-24: 14:08:31 [httpLog] {"url":"/user/query","method":"GET","data":{},"startTime":"2021-03-24: 14:08:31","timeLength":"4ms"}
2021-03-24: 14:08:32 [httpLog] {"url":"/user/public/css/news.css","method":"GET","data":{},"startTime":"2021-03-24: 14:08:32","timeLength":"0ms"}
2021-03-25: 10:33:24 [httpLog] {"url":"/","method":"GET","data":{},"startTime":"2021-03-25: 10:33:24","timeLength":"15ms"}
2021-03-25: 10:33:53 [httpLog] {"url":"/","method":"GET","data":{},"startTime":"2021-03-25: 10:33:53","timeLength":"13ms"}
2021-03-25: 10:34:29 [httpLog] {"url":"/user/query","method":"GET","data":{},"startTime":"2021-03-25: 10:34:29","timeLength":"25ms"}
2021-03-25: 10:34:29 [httpLog] {"url":"/user/public/css/news.css","method":"GET","data":{},"startTime":"2021-03-25: 10:34:29","timeLength":"0ms"}
2021-03-25: 10:37:06 [httpLog] {"url":"/user/query?id=1","method":"GET","data":{},"startTime":"2021-03-25: 10:37:06","timeLength":"5ms"}
2021-03-25: 10:37:06 [httpLog] {"url":"/user/public/css/news.css","method":"GET","data":{},"startTime":"2021-03-25: 10:37:06","timeLength":"0ms"}
2021-03-25: 10:37:12 [httpLog] {"url":"/user/query?id=1","method":"GET","data":{},"startTime":"2021-03-25: 10:37:12","timeLength":"3ms"}
2021-03-25: 10:37:12 [httpLog] {"url":"/user/public/css/news.css","method":"GET","data":{},"startTime":"2021-03-25: 10:37:12","timeLength":"0ms"}
2021-03-25: 10:37:51 [httpLog] {"url":"/user/query?id=1","method":"GET","data":{},"startTime":"2021-03-25: 10:37:51","timeLength":"17ms"}
2021-03-25: 10:37:51 [httpLog] {"url":"/user/public/css/news.css","method":"GET","data":{},"startTime":"2021-03-25: 10:37:51","timeLength":"0ms"}
2021-03-25: 10:38:42 [httpLog] {"url":"/user/query?id=1","method":"GET","data":{},"startTime":"2021-03-25: 10:38:42","timeLength":"17ms"}
2021-03-25: 10:38:42 [httpLog] {"url":"/user/public/css/news.css","method":"GET","data":{},"startTime":"2021-03-25: 10:38:42","timeLength":"0ms"}
2021-03-25: 10:39:58 [httpLog] {"url":"/user/query?id=1","method":"GET","data":{},"startTime":"2021-03-25: 10:39:58","timeLength":"16ms"}
2021-03-25: 10:39:58 [httpLog] {"url":"/user/public/css/news.css","method":"GET","data":{},"startTime":"2021-03-25: 10:39:58","timeLength":"1ms"}
2021-03-25: 10:40:16 [httpLog] {"url":"/user/query?id=1","method":"GET","data":{},"startTime":"2021-03-25: 10:40:16","timeLength":"16ms"}
2021-03-25: 10:40:16 [httpLog] {"url":"/user/public/css/news.css","method":"GET","data":{},"startTime":"2021-03-25: 10:40:16","timeLength":"0ms"}
2021-03-25: 10:42:01 [httpLog] {"url":"/user/query?id=1","method":"GET","data":{},"startTime":"2021-03-25: 10:42:01","timeLength":"17ms"}
2021-03-25: 10:42:01 [httpLog] {"url":"/user/public/css/news.css","method":"GET","data":{},"startTime":"2021-03-25: 10:42:01","timeLength":"1ms"}
2021-03-25: 10:45:48 [httpLog] {"url":"/user/query?id=1","method":"GET","data":{},"startTime":"2021-03-25: 10:45:48","timeLength":"16ms"}
2021-03-25: 10:45:48 [httpLog] {"url":"/user/public/css/news.css","method":"GET","data":{},"startTime":"2021-03-25: 10:45:48","timeLength":"1ms"}
2021-03-25: 10:46:10 [httpLog] {"url":"/user/query?id=1","method":"GET","data":{},"startTime":"2021-03-25: 10:46:10","timeLength":"19ms"}
2021-03-25: 10:46:10 [httpLog] {"url":"/user/public/css/news.css","method":"GET","data":{},"startTime":"2021-03-25: 10:46:10","timeLength":"0ms"}
2021-03-25: 10:46:19 [httpLog] {"url":"/user/query?id=1","method":"GET","data":{},"startTime":"2021-03-25: 10:46:19","timeLength":"18ms"}
2021-03-25: 10:46:19 [httpLog] {"url":"/user/public/css/news.css","method":"GET","data":{},"startTime":"2021-03-25: 10:46:19","timeLength":"0ms"}
2021-03-25: 10:46:42 [httpLog] {"url":"/user/query?id=1","method":"GET","data":{},"startTime":"2021-03-25: 10:46:42","timeLength":"18ms"}
2021-03-25: 10:46:42 [httpLog] {"url":"/user/public/css/news.css","method":"GET","data":{},"startTime":"2021-03-25: 10:46:42","timeLength":"0ms"}
2021-03-25: 10:47:01 [httpLog] {"url":"/user/query?id=1","method":"GET","data":{},"startTime":"2021-03-25: 10:47:00","timeLength":"17ms"}
2021-03-25: 10:47:01 [httpLog] {"url":"/user/public/css/news.css","method":"GET","data":{},"startTime":"2021-03-25: 10:47:01","timeLength":"1ms"}
2021-03-25: 10:47:02 [httpLog] {"url":"/user/query?id=1","method":"GET","data":{},"startTime":"2021-03-25: 10:47:02","timeLength":"3ms"}
2021-03-25: 10:47:02 [httpLog] {"url":"/user/public/css/news.css","method":"GET","data":{},"startTime":"2021-03-25: 10:47:02","timeLength":"0ms"}
2021-03-25: 10:47:57 [httpLog] {"url":"/user/query?id=1","method":"GET","data":{},"startTime":"2021-03-25: 10:47:57","timeLength":"5ms"}
2021-03-25: 10:47:57 [httpLog] {"url":"/user/public/css/news.css","method":"GET","data":{},"startTime":"2021-03-25: 10:47:57","timeLength":"0ms"}
2021-03-25: 10:48:26 [httpLog] {"url":"/user/query?id=1","method":"GET","data":{},"startTime":"2021-03-25: 10:48:25","timeLength":"18ms"}
2021-03-25: 10:48:26 [httpLog] {"url":"/user/public/css/news.css","method":"GET","data":{},"startTime":"2021-03-25: 10:48:26","timeLength":"0ms"}
2021-03-25: 10:48:42 [httpLog] {"url":"/user/query?id=1","method":"GET","data":{},"startTime":"2021-03-25: 10:48:42","timeLength":"15ms"}
2021-03-25: 10:48:42 [httpLog] {"url":"/user/public/css/news.css","method":"GET","data":{},"startTime":"2021-03-25: 10:48:42","timeLength":"0ms"}
2021-03-25: 10:49:20 [httpLog] {"url":"/user/query?id=1","method":"GET","data":{},"startTime":"2021-03-25: 10:49:20","timeLength":"13ms"}
2021-03-25: 10:49:20 [httpLog] {"url":"/user/public/css/news.css","method":"GET","data":{},"startTime":"2021-03-25: 10:49:20","timeLength":"0ms"}
2021-03-25: 10:49:31 [httpLog] {"url":"/user/query?id=1","method":"GET","data":{},"startTime":"2021-03-25: 10:49:31","timeLength":"16ms"}
2021-03-25: 10:49:31 [httpLog] {"url":"/user/public/css/news.css","method":"GET","data":{},"startTime":"2021-03-25: 10:49:31","timeLength":"0ms"}
2021-03-25: 10:49:39 [httpLog] {"url":"/user/query?id=1","method":"GET","data":{},"startTime":"2021-03-25: 10:49:39","timeLength":"15ms"}
2021-03-25: 10:49:39 [httpLog] {"url":"/user/public/css/news.css","method":"GET","data":{},"startTime":"2021-03-25: 10:49:39","timeLength":"1ms"}
2021-03-25: 10:49:47 [httpLog] {"url":"/user/query?id=1","method":"GET","data":{},"startTime":"2021-03-25: 10:49:47","timeLength":"14ms"}
2021-03-25: 10:49:47 [httpLog] {"url":"/user/public/css/news.css","method":"GET","data":{},"startTime":"2021-03-25: 10:49:47","timeLength":"0ms"}
2021-03-25: 10:49:55 [httpLog] {"url":"/user/query?id=1","method":"GET","data":{},"startTime":"2021-03-25: 10:49:55","timeLength":"18ms"}
2021-03-25: 10:49:55 [httpLog] {"url":"/user/public/css/news.css","method":"GET","data":{},"startTime":"2021-03-25: 10:49:55","timeLength":"1ms"}
2021-03-25: 10:52:53 [httpLog] {"url":"/user/query?id=1","method":"GET","data":{},"startTime":"2021-03-25: 10:52:53","timeLength":"5ms"}
2021-03-25: 10:52:53 [httpLog] {"url":"/user/public/css/news.css","method":"GET","data":{},"startTime":"2021-03-25: 10:52:53","timeLength":"0ms"}
2021-03-25: 10:55:07 [httpLog] {"url":"/user/query?id=1","method":"GET","data":{},"startTime":"2021-03-25: 10:55:07","timeLength":"4ms"}
2021-03-25: 10:55:07 [httpLog] {"url":"/user/public/css/news.css","method":"GET","data":{},"startTime":"2021-03-25: 10:55:07","timeLength":"1ms"}
2021-03-25: 10:55:11 [httpLog] {"url":"/user/public/css/news.css","method":"GET","data":{},"startTime":"2021-03-25: 10:55:11","timeLength":"0ms"}
2021-03-25: 10:56:15 [httpLog] {"url":"/user/query?id=1","method":"GET","data":{},"startTime":"2021-03-25: 10:56:15","timeLength":"17ms"}
2021-03-25: 10:56:16 [httpLog] {"url":"/user/public/css/news.css","method":"GET","data":{},"startTime":"2021-03-25: 10:56:16","timeLength":"0ms"}
2021-03-25: 11:01:46 [httpLog] {"url":"/user/query?id=1","method":"GET","data":{},"startTime":"2021-03-25: 11:01:46","timeLength":"5ms"}
2021-03-25: 11:01:47 [httpLog] {"url":"/user/public/css/news.css","method":"GET","data":{},"startTime":"2021-03-25: 11:01:47","timeLength":"0ms"}
2021-03-25: 11:02:35 [httpLog] {"url":"/user/query?id=1","method":"GET","data":{},"startTime":"2021-03-25: 11:02:35","timeLength":"17ms"}
2021-03-25: 11:02:35 [httpLog] {"url":"/user/public/css/news.css","method":"GET","data":{},"startTime":"2021-03-25: 11:02:35","timeLength":"1ms"}
2021-03-25: 11:03:31 [httpLog] {"url":"/user/query?id=1","method":"GET","data":{},"startTime":"2021-03-25: 11:03:31","timeLength":"5ms"}
2021-03-25: 11:03:32 [httpLog] {"url":"/user/public/css/news.css","method":"GET","data":{},"startTime":"2021-03-25: 11:03:32","timeLength":"0ms"}
2021-03-25: 11:03:46 [httpLog] {"url":"/user/query?id=1","method":"GET","data":{},"startTime":"2021-03-25: 11:03:46","timeLength":"3ms"}
2021-03-25: 11:03:46 [httpLog] {"url":"/user/public/css/news.css","method":"GET","data":{},"startTime":"2021-03-25: 11:03:46","timeLength":"0ms"}
2021-03-25: 11:04:02 [httpLog] {"url":"/user/query?id=1","method":"GET","data":{},"startTime":"2021-03-25: 11:04:02","timeLength":"3ms"}
2021-03-25: 11:04:02 [httpLog] {"url":"/user/public/css/news.css","method":"GET","data":{},"startTime":"2021-03-25: 11:04:02","timeLength":"0ms"}
2021-03-25: 11:04:54 [httpLog] {"url":"/user/query?id=1","method":"GET","data":{},"startTime":"2021-03-25: 11:04:54","timeLength":"5ms"}
2021-03-25: 11:04:54 [httpLog] {"url":"/user/public/css/news.css","method":"GET","data":{},"startTime":"2021-03-25: 11:04:54","timeLength":"0ms"}
2021-03-25: 11:08:51 [httpLog] {"url":"/user/query?id=1","method":"GET","data":{},"startTime":"2021-03-25: 11:08:51","timeLength":"3ms"}
2021-03-25: 11:09:32 [httpLog] {"url":"/user/query?id=1","method":"GET","data":{},"startTime":"2021-03-25: 11:09:32","timeLength":"20ms"}
2021-03-25: 11:09:34 [httpLog] {"url":"/api/v1/user/add","method":"POST","data":{"name":"das","pwd":"dasd"},"startTime":"2021-03-25: 11:09:34","timeLength":"1ms"}
2021-03-25: 11:12:30 [httpLog] {"url":"/user/query?id=1","method":"GET","data":{},"startTime":"2021-03-25: 11:12:30","timeLength":"18ms"}
2021-03-25: 11:12:41 [httpLog] {"url":"/api/v1/user/add","method":"POST","data":{"name":"沈志勇","pwd":"123456"},"startTime":"2021-03-25: 11:12:41","timeLength":"3ms"}
2021-03-25: 11:16:02 [httpLog] {"url":"/user/query?id=1","method":"GET","data":{},"startTime":"2021-03-25: 11:16:02","timeLength":"18ms"}
2021-03-25: 11:16:05 [httpLog] {"url":"/api/v1/user/add","method":"POST","data":{"name":"沈志勇","pwd":"123"},"startTime":"2021-03-25: 11:16:05","timeLength":"4ms"}
2021-03-25: 11:16:51 [httpLog] {"url":"/user/query?id=1","method":"GET","data":{},"startTime":"2021-03-25: 11:16:51","timeLength":"17ms"}
2021-03-25: 11:17:00 [httpLog] {"url":"/api/v1/user/add","method":"POST","data":{"name":"沈志勇2","pwd":"441221"},"startTime":"2021-03-25: 11:17:00","timeLength":"4ms"}
2021-03-25: 12:01:55 [httpLog] {"url":"/user/query?id=1","method":"GET","data":{},"startTime":"2021-03-25: 12:01:55","timeLength":"4ms"}
2021-03-25: 14:30:14 [httpLog] {"url":"/user/edit","method":"PUT","data":{"id":"5","name":"18911111112","pwd":"1234433"},"startTime":"2021-03-25: 14:30:14","timeLength":"6ms"}
2021-03-25: 14:35:24 [httpLog] {"url":"/user/del","method":"DELETE","data":{"id":"5"},"startTime":"2021-03-25: 14:35:24","timeLength":"3ms"}
